<?xml version="1.0" encoding="UTF-8"?>
<coverage generated="1395993376">
  <project timestamp="1395993376">
    <package name="Craft">
      <file name="/Users/John/Repos/JDW - JohnDWells/craft.minimee/plugins/minimee/models/Minimee_AssetBaseModel.php">
        <class name="Minimee_AssetBaseModel" namespace="Craft" fullPackage="Minimee">
          <metrics methods="3" coveredmethods="2" conditionals="0" coveredconditionals="0" statements="9" coveredstatements="8" elements="12" coveredelements="10"/>
        </class>
        <line num="31" type="method" name="__toString" crap="2" count="0"/>
        <line num="33" type="stmt" count="0"/>
        <line num="39" type="method" name="defineAttributes" crap="1" count="7"/>
        <line num="42" type="stmt" count="7"/>
        <line num="43" type="stmt" count="7"/>
        <line num="44" type="stmt" count="7"/>
        <line num="45" type="stmt" count="7"/>
        <line num="46" type="stmt" count="7"/>
        <line num="58" type="method" name="removeDoubleSlashes" crap="2" count="7"/>
        <line num="62" type="stmt" count="7"/>
        <line num="64" type="stmt" count="6"/>
        <line num="71" type="stmt" count="1"/>
        <metrics loc="73" ncloc="31" classes="1" methods="3" coveredmethods="2" conditionals="0" coveredconditionals="0" statements="9" coveredstatements="8" elements="12" coveredelements="10"/>
      </file>
      <file name="/Users/John/Repos/JDW - JohnDWells/craft.minimee/plugins/minimee/models/Minimee_LocalAssetModel.php">
        <class name="Minimee_LocalAssetModel" namespace="Craft" fullPackage="Minimee">
          <metrics methods="4" coveredmethods="1" conditionals="0" coveredconditionals="0" statements="25" coveredstatements="8" elements="29" coveredelements="9"/>
        </class>
        <line num="24" type="method" name="getContents" crap="12" count="0"/>
        <line num="26" type="stmt" count="0"/>
        <line num="27" type="stmt" count="0"/>
        <line num="28" type="stmt" count="0"/>
        <line num="30" type="stmt" count="0"/>
        <line num="31" type="stmt" count="0"/>
        <line num="32" type="stmt" count="0"/>
        <line num="34" type="stmt" count="0"/>
        <line num="36" type="stmt" count="0"/>
        <line num="44" type="method" name="getLastTimeModified" crap="12" count="0"/>
        <line num="46" type="stmt" count="0"/>
        <line num="47" type="stmt" count="0"/>
        <line num="48" type="stmt" count="0"/>
        <line num="50" type="stmt" count="0"/>
        <line num="51" type="stmt" count="0"/>
        <line num="52" type="stmt" count="0"/>
        <line num="54" type="stmt" count="0"/>
        <line num="56" type="stmt" count="0"/>
        <line num="62" type="method" name="exists" crap="2" count="0"/>
        <line num="64" type="stmt" count="0"/>
        <line num="74" type="method" name="setAttribute" crap="3" count="3"/>
        <line num="77" type="stmt" count="3"/>
        <line num="78" type="stmt" count="1"/>
        <line num="79" type="stmt" count="1"/>
        <line num="81" type="stmt" count="2"/>
        <line num="82" type="stmt" count="2"/>
        <line num="83" type="stmt" count="2"/>
        <line num="86" type="stmt" count="3"/>
        <line num="87" type="stmt" count="3"/>
        <metrics loc="87" ncloc="54" classes="1" methods="4" coveredmethods="1" conditionals="0" coveredconditionals="0" statements="25" coveredstatements="8" elements="29" coveredelements="9"/>
      </file>
      <file name="/Users/John/Repos/JDW - JohnDWells/craft.minimee/plugins/minimee/models/Minimee_RemoteAssetModel.php">
        <class name="Minimee_RemoteAssetModel" namespace="Craft" fullPackage="Minimee">
          <metrics methods="4" coveredmethods="1" conditionals="0" coveredconditionals="0" statements="22" coveredstatements="8" elements="26" coveredelements="9"/>
        </class>
        <line num="26" type="method" name="getContents" crap="12" count="0"/>
        <line num="28" type="stmt" count="0"/>
        <line num="29" type="stmt" count="0"/>
        <line num="30" type="stmt" count="0"/>
        <line num="31" type="stmt" count="0"/>
        <line num="32" type="stmt" count="0"/>
        <line num="33" type="stmt" count="0"/>
        <line num="34" type="stmt" count="0"/>
        <line num="35" type="stmt" count="0"/>
        <line num="36" type="stmt" count="0"/>
        <line num="39" type="stmt" count="0"/>
        <line num="41" type="stmt" count="0"/>
        <line num="43" type="stmt" count="0"/>
        <line num="51" type="method" name="getLastTimeModified" crap="2" count="0"/>
        <line num="53" type="stmt" count="0"/>
        <line num="61" type="method" name="exists" crap="2" count="0"/>
        <line num="63" type="stmt" count="0"/>
        <line num="73" type="method" name="setAttribute" crap="3" count="4"/>
        <line num="76" type="stmt" count="4"/>
        <line num="77" type="stmt" count="1"/>
        <line num="78" type="stmt" count="1"/>
        <line num="80" type="stmt" count="3"/>
        <line num="81" type="stmt" count="3"/>
        <line num="82" type="stmt" count="3"/>
        <line num="85" type="stmt" count="4"/>
        <line num="86" type="stmt" count="4"/>
        <metrics loc="86" ncloc="51" classes="1" methods="4" coveredmethods="1" conditionals="0" coveredconditionals="0" statements="22" coveredstatements="8" elements="26" coveredelements="9"/>
      </file>
      <file name="/Users/John/Repos/JDW - JohnDWells/craft.minimee/plugins/minimee/models/Minimee_SettingsModel.php">
        <class name="Minimee_SettingsModel" namespace="Craft" fullPackage="Minimee">
          <metrics methods="13" coveredmethods="3" conditionals="0" coveredconditionals="0" statements="62" coveredstatements="27" elements="75" coveredelements="30"/>
        </class>
        <line num="22" type="method" name="__toString" crap="6" count="0"/>
        <line num="24" type="stmt" count="0"/>
        <line num="27" type="method" name="prepSettings" crap="2" count="0"/>
        <line num="30" type="stmt" count="0"/>
        <line num="31" type="stmt" count="0"/>
        <line num="32" type="stmt" count="0"/>
        <line num="33" type="stmt" count="0"/>
        <line num="34" type="stmt" count="0"/>
        <line num="36" type="stmt" count="0"/>
        <line num="46" type="method" name="validate" crap="6" count="0"/>
        <line num="49" type="stmt" count="0"/>
        <line num="50" type="stmt" count="0"/>
        <line num="51" type="stmt" count="0"/>
        <line num="53" type="stmt" count="0"/>
        <line num="55" type="stmt" count="0"/>
        <line num="63" type="method" name="validateCachePathAndUrl" crap="3" count="3"/>
        <line num="65" type="stmt" count="3"/>
        <line num="66" type="stmt" count="3"/>
        <line num="68" type="stmt" count="3"/>
        <line num="69" type="stmt" count="3"/>
        <line num="71" type="stmt" count="3"/>
        <line num="72" type="stmt" count="3"/>
        <line num="73" type="stmt" count="1"/>
        <line num="74" type="stmt" count="1"/>
        <line num="75" type="stmt" count="1"/>
        <line num="76" type="stmt" count="3"/>
        <line num="81" type="method" name="defineAttributes" crap="1" count="6"/>
        <line num="84" type="stmt" count="6"/>
        <line num="85" type="stmt" count="6"/>
        <line num="86" type="stmt" count="6"/>
        <line num="87" type="stmt" count="6"/>
        <line num="88" type="stmt" count="6"/>
        <line num="89" type="stmt" count="6"/>
        <line num="90" type="stmt" count="6"/>
        <line num="91" type="stmt" count="6"/>
        <line num="92" type="stmt" count="6"/>
        <line num="93" type="stmt" count="6"/>
        <line num="94" type="stmt" count="6"/>
        <line num="95" type="stmt" count="6"/>
        <line num="102" type="method" name="forceTrailingSlash" crap="2" count="0"/>
        <line num="104" type="stmt" count="0"/>
        <line num="110" type="method" name="getFilesystemPath" crap="6" count="0"/>
        <line num="112" type="stmt" count="0"/>
        <line num="114" type="stmt" count="0"/>
        <line num="116" type="stmt" count="0"/>
        <line num="122" type="method" name="getCachePath" crap="6" count="0"/>
        <line num="124" type="stmt" count="0"/>
        <line num="126" type="stmt" count="0"/>
        <line num="128" type="stmt" count="0"/>
        <line num="134" type="method" name="getCacheUrl" crap="6" count="0"/>
        <line num="136" type="stmt" count="0"/>
        <line num="138" type="stmt" count="0"/>
        <line num="140" type="stmt" count="0"/>
        <line num="146" type="method" name="useResourceCache" crap="2" count="3"/>
        <line num="148" type="stmt" count="3"/>
        <line num="149" type="stmt" count="3"/>
        <line num="151" type="stmt" count="3"/>
        <line num="152" type="stmt" count="3"/>
        <line num="154" type="stmt" count="3"/>
        <line num="160" type="method" name="getBaseUrl" crap="6" count="0"/>
        <line num="162" type="stmt" count="0"/>
        <line num="164" type="stmt" count="0"/>
        <line num="166" type="stmt" count="0"/>
        <line num="175" type="method" name="getAttribute" crap="30" count="0"/>
        <line num="179" type="stmt" count="0"/>
        <line num="180" type="stmt" count="0"/>
        <line num="183" type="stmt" count="0"/>
        <line num="184" type="stmt" count="0"/>
        <line num="187" type="stmt" count="0"/>
        <line num="188" type="stmt" count="0"/>
        <line num="191" type="stmt" count="0"/>
        <line num="192" type="stmt" count="0"/>
        <line num="197" type="stmt" count="0"/>
        <line num="203" type="method" name="exists" crap="2" count="0"/>
        <line num="205" type="stmt" count="0"/>
        <line num="411" type="stmt" count="1"/>
        <metrics loc="206" ncloc="145" classes="1" methods="13" coveredmethods="3" conditionals="0" coveredconditionals="0" statements="62" coveredstatements="27" elements="75" coveredelements="30"/>
      </file>
    </package>
    <metrics files="4" loc="452" ncloc="281" classes="4" methods="24" coveredmethods="7" conditionals="0" coveredconditionals="0" statements="118" coveredstatements="51" elements="142" coveredelements="58"/>
  </project>
</coverage>
